#
# There is insufficient memory for the Java Runtime Environment to continue.
# Native memory allocation (mmap) failed to map 2064384 bytes. Error detail: G1 virtual space
# Possible reasons:
#   The system is out of physical RAM or swap space
#   This process is running with CompressedOops enabled, and the Java Heap may be blocking the growth of the native heap
# Possible solutions:
#   Reduce memory load on the system
#   Increase physical memory or swap space
#   Check if swap backing store is full
#   Decrease Java heap size (-Xmx/-Xms)
#   Decrease number of Java threads
#   Decrease Java thread stack sizes (-Xss)
#   Set larger code cache with -XX:ReservedCodeCacheSize=
#   JVM is running with Unscaled Compressed Oops mode in which the Java heap is
#     placed in the first 4GB address space. The Java Heap base address is the
#     maximum limit for the native heap growth. Please use -XX:HeapBaseMinAddress
#     to set the Java Heap base and to place the Java Heap above 4GB virtual address.
# This output file may be truncated or incomplete.
#
#  Out of Memory Error (os_windows.cpp:3564), pid=14640, tid=11116
#
# JRE version:  (24.0.2+12) (build )
# Java VM: Java HotSpot(TM) 64-Bit Server VM (24.0.2+12-54, mixed mode, sharing, tiered, compressed oops, compressed class ptrs, g1 gc, windows-amd64)
# No core dump will be written. Minidumps are not enabled by default on client versions of Windows
#

---------------  S U M M A R Y ------------

Command Line: -Dfile.encoding=UTF-8 --add-modules=ALL-DEFAULT jdk.compiler/com.sun.tools.javac.launcher.SourceLauncher C:\Users\Ing. David Jaén\Desktop\IS--8---C1-\src\main\Main.java

Host: Intel(R) Core(TM) i5-8250U CPU @ 1.60GHz, 8 cores, 7G,  Windows 10 , 64 bit Build 19041 (10.0.19041.5794)
Time: Thu Jul 17 14:26:39 2025 Hora estándar de Venezuela elapsed time: 0.019674 seconds (0d 0h 0m 0s)

---------------  T H R E A D  ---------------

Current thread (0x000002321e65e9e0):  JavaThread "Unknown thread" [_thread_in_vm, id=11116, stack(0x0000004c86900000,0x0000004c86a00000) (1024K)]

Stack: [0x0000004c86900000,0x0000004c86a00000]
Native frames: (J=compiled Java code, j=interpreted, Vv=VM code, C=native code)
V  [jvm.dll+0x730829]  (no source info available)
V  [jvm.dll+0x8d9da3]  (no source info available)
V  [jvm.dll+0x8dc28d]  (no source info available)
V  [jvm.dll+0x8dc903]  (no source info available)
V  [jvm.dll+0x2a9f56]  (no source info available)
V  [jvm.dll+0x72cd55]  (no source info available)
V  [jvm.dll+0x72066a]  (no source info available)
V  [jvm.dll+0x390b7a]  (no source info available)
V  [jvm.dll+0x398906]  (no source info available)
V  [jvm.dll+0x3850f3]  (no source info available)
V  [jvm.dll+0x385398]  (no source info available)
V  [jvm.dll+0x35d10c]  (no source info available)
V  [jvm.dll+0x35ddcd]  (no source info available)
V  [jvm.dll+0x89d50f]  (no source info available)
V  [jvm.dll+0x3f979d]  (no source info available)
V  [jvm.dll+0x885b66]  (no source info available)
V  [jvm.dll+0x495e7e]  (no source info available)
V  [jvm.dll+0x497c51]  (no source info available)
C  [jli.dll+0x52a1]  (no source info available)
C  [ucrtbase.dll+0x21bb2]  (no source info available)
C  [KERNEL32.DLL+0x17374]  (no source info available)
C  [ntdll.dll+0x4cc91]  (no source info available)

Lock stack of current Java thread (top to bottom):


---------------  P R O C E S S  ---------------

Threads class SMR info:
_java_thread_list=0x00007fff5dc9f318, length=0, elements={
}

Java Threads: ( => current thread )
Total: 0

Other Threads:
  0x0000023220886d30 WorkerThread "GC Thread#0"                     [id=10072, stack(0x0000004c86a00000,0x0000004c86b00000) (1024K)]
  0x000002322089b7e0 ConcurrentGCThread "G1 Main Marker"            [id=1532, stack(0x0000004c86b00000,0x0000004c86c00000) (1024K)]
  0x000002322089d700 WorkerThread "G1 Conc#0"                       [id=14048, stack(0x0000004c86c00000,0x0000004c86d00000) (1024K)]

[error occurred during error reporting (printing all threads), id 0xc0000005, EXCEPTION_ACCESS_VIOLATION (0xc0000005) at pc=0x00007fff5d3d138a]
VM state: not at safepoint (not fully initialized)

VM Mutex/Monitor currently owned by a thread:  ([mutex/lock_event])
[0x00007fff5dd245f0] Heap_lock - owner thread: 0x000002321e65e9e0

Heap address: 0x0000000082400000, size: 2012 MB, Compressed Oops mode: 32-bit

CDS archive(s) mapped at: [0x0000000000000000-0x0000000000000000-0x0000000000000000), size 0, SharedBaseAddress: 0x0000000800000000, ArchiveRelocationMode: 1.
UseCompressedClassPointers 1, UseCompactObjectHeaders 0
Narrow klass pointer bits 32, Max shift 3
Narrow klass base: 0xffffffffffffffff, Narrow klass shift: -1
Encoding Range: [0xffffffffffffffff - 0x000000007fffffff), (2147483648 bytes)
Klass Range:    [0x0000000000000000 - 0x0000000000000000), (0 bytes)
Klass ID Range:  [4294967295 - 0) (1)

GC Precious Log:
 CardTable entry size: 512
 Card Set container configuration: InlinePtr #cards 5 size 8 Array Of Cards #cards 10 size 36 Howl #buckets 4 coarsen threshold 1843 Howl Bitmap #cards 512 size 80 coarsen threshold 460 Card regions per heap region 1 cards per card region 2048

Heap:
 garbage-first heap   total reserved 2060288K, committed 0K, used 0K [0x0000000082400000, 0x0000000100000000)
  region size 1024K, 0 young (0K), 0 survivors (0K)

[error occurred during error reporting (printing heap information), id 0xc0000005, EXCEPTION_ACCESS_VIOLATION (0xc0000005) at pc=0x00007fff5d7ee679]
GC Heap History (0 events):
No events

Dll operation events (1 events):
Event: 0.011 Loaded shared library C:\Program Files\Java\jdk-24\bin\java.dll

Deoptimization events (0 events):
No events

Classes loaded (0 events):
No events

Classes unloaded (0 events):
No events

Classes redefined (0 events):
No events

Internal exceptions (0 events):
No events

VM Operations (0 events):
No events

Memory protections (0 events):
No events

Nmethod flushes (0 events):
No events

Events (0 events):
No events


Dynamic libraries:
0x00007ff659b90000 - 0x00007ff659ba0000 	C:\Program Files\Java\jdk-24\bin\java.exe
0x00007fffac2d0000 - 0x00007fffac4c8000 	C:\Windows\SYSTEM32\ntdll.dll
0x00007fffab9f0000 - 0x00007fffabab2000 	C:\Windows\System32\KERNEL32.DLL
0x00007fffa9b40000 - 0x00007fffa9e36000 	C:\Windows\System32\KERNELBASE.dll
0x00007fffa9fc0000 - 0x00007fffaa0c0000 	C:\Windows\System32\ucrtbase.dll
0x00007fffa2a70000 - 0x00007fffa2a8b000 	C:\Program Files\Java\jdk-24\bin\VCRUNTIME140.dll
0x00007fff979e0000 - 0x00007fff979f6000 	C:\Program Files\Java\jdk-24\bin\jli.dll
0x00007fffab380000 - 0x00007fffab51d000 	C:\Windows\System32\USER32.dll
0x00007fffa9e40000 - 0x00007fffa9e62000 	C:\Windows\System32\win32u.dll
0x00007fffab520000 - 0x00007fffab54b000 	C:\Windows\System32\GDI32.dll
0x00007fff99c40000 - 0x00007fff99eda000 	C:\Windows\WinSxS\amd64_microsoft.windows.common-controls_6595b64144ccf1df_6.0.19041.5794_none_60bcd33171f2783c\COMCTL32.dll
0x00007fffa9e70000 - 0x00007fffa9f8a000 	C:\Windows\System32\gdi32full.dll
0x00007fffab560000 - 0x00007fffab5fe000 	C:\Windows\System32\msvcrt.dll
0x00007fffa9970000 - 0x00007fffa9a0d000 	C:\Windows\System32\msvcp_win.dll
0x00007fffab960000 - 0x00007fffab98f000 	C:\Windows\System32\IMM32.DLL
0x00007fffa2a60000 - 0x00007fffa2a6c000 	C:\Program Files\Java\jdk-24\bin\vcruntime140_1.dll
0x00007fff5cfd0000 - 0x00007fff5d05e000 	C:\Program Files\Java\jdk-24\bin\msvcp140.dll
0x00007fff5d060000 - 0x00007fff5de01000 	C:\Program Files\Java\jdk-24\bin\server\jvm.dll
0x00007fffaa300000 - 0x00007fffaa3af000 	C:\Windows\System32\ADVAPI32.dll
0x00007fffabe70000 - 0x00007fffabf0f000 	C:\Windows\System32\sechost.dll
0x00007fffabad0000 - 0x00007fffabbf3000 	C:\Windows\System32\RPCRT4.dll
0x00007fffa9f90000 - 0x00007fffa9fb7000 	C:\Windows\System32\bcrypt.dll
0x00007fffabc00000 - 0x00007fffabc6b000 	C:\Windows\System32\WS2_32.dll
0x00007fffa97d0000 - 0x00007fffa981b000 	C:\Windows\SYSTEM32\POWRPROF.dll
0x00007fffa4990000 - 0x00007fffa499a000 	C:\Windows\SYSTEM32\VERSION.dll
0x00007fff9b0d0000 - 0x00007fff9b0f7000 	C:\Windows\SYSTEM32\WINMM.dll
0x00007fffa97b0000 - 0x00007fffa97c2000 	C:\Windows\SYSTEM32\UMPDC.dll
0x00007fffa77f0000 - 0x00007fffa7802000 	C:\Windows\SYSTEM32\kernel.appcore.dll
0x00007fff82b20000 - 0x00007fff82b2a000 	C:\Program Files\Java\jdk-24\bin\jimage.dll
0x00007fff9a610000 - 0x00007fff9a811000 	C:\Windows\SYSTEM32\DBGHELP.DLL
0x00007fff8a410000 - 0x00007fff8a444000 	C:\Windows\SYSTEM32\dbgcore.DLL
0x00007fffaa110000 - 0x00007fffaa192000 	C:\Windows\System32\bcryptPrimitives.dll
0x00007fff69f90000 - 0x00007fff69fae000 	C:\Program Files\Java\jdk-24\bin\java.dll
0x00007fffabd40000 - 0x00007fffabe6b000 	C:\Windows\System32\ole32.dll
0x00007fffab600000 - 0x00007fffab953000 	C:\Windows\System32\combase.dll
0x00007fffaa590000 - 0x00007fffaacfe000 	C:\Windows\System32\SHELL32.dll

JVMTI agents: none

dbghelp: loaded successfully - version: 4.0.5 - missing functions: none
symbol engine: initialized successfully - sym options: 0x614 - pdb path: .;C:\Program Files\Java\jdk-24\bin;C:\Windows\SYSTEM32;C:\Windows\WinSxS\amd64_microsoft.windows.common-controls_6595b64144ccf1df_6.0.19041.5794_none_60bcd33171f2783c;C:\Program Files\Java\jdk-24\bin\server

VM Arguments:
jvm_args: -Dfile.encoding=UTF-8 --add-modules=ALL-DEFAULT 
java_command: jdk.compiler/com.sun.tools.javac.launcher.SourceLauncher C:\Users\Ing. David Jaén\Desktop\IS--8---C1-\src\main\Main.java
java_class_path (initial): .
Launcher Type: SUN_STANDARD

[Global flags]
     intx CICompilerCount                          = 4                                         {product} {ergonomic}
     uint ConcGCThreads                            = 2                                         {product} {ergonomic}
     uint G1ConcRefinementThreads                  = 8                                         {product} {ergonomic}
   size_t G1HeapRegionSize                         = 1048576                                   {product} {ergonomic}
   size_t InitialHeapSize                          = 132120576                                 {product} {ergonomic}
   size_t MarkStackSize                            = 4194304                                   {product} {ergonomic}
   size_t MarkStackSizeMax                         = 536870912                                 {product} {ergonomic}
   size_t MaxHeapSize                              = 2109734912                                {product} {ergonomic}
   size_t MinHeapDeltaBytes                        = 1048576                                   {product} {ergonomic}
   size_t MinHeapSize                              = 8388608                                   {product} {ergonomic}
    uintx NonNMethodCodeHeapSize                   = 5832704                                {pd product} {ergonomic}
    uintx NonProfiledCodeHeapSize                  = 122945536                              {pd product} {ergonomic}
    uintx ProfiledCodeHeapSize                     = 122880000                              {pd product} {ergonomic}
    uintx ReservedCodeCacheSize                    = 251658240                              {pd product} {ergonomic}
     bool SegmentedCodeCache                       = true                                      {product} {ergonomic}
   size_t SoftMaxHeapSize                          = 2109734912                             {manageable} {ergonomic}
     bool UseCompressedOops                        = true                           {product lp64_product} {ergonomic}
     bool UseG1GC                                  = true                                      {product} {ergonomic}
     bool UseLargePagesIndividualAllocation        = false                                  {pd product} {ergonomic}

Logging:
Log output configuration:
 #0: stdout all=warning uptime,level,tags foldmultilines=false
 #1: stderr all=off uptime,level,tags foldmultilines=false

Environment Variables:
PATH=C:\Program Files\Common Files\Oracle\Java\javapath;C:\Program Files (x86)\Common Files\Oracle\Java\java8path;C:\Program Files (x86)\Common Files\Oracle\Java\javapath;C:\Program Files\Eclipse Adoptium\jdk-21.0.5.11-hotspot\bin;C:\Windows\system32;C:\Windows;C:\Windows\System32\Wbem;C:\Windows\System32\WindowsPowerShell\v1.0\;C:\Windows\System32\OpenSSH\;C:\Program Files\dotnet\;C:\Users\Ing. David Jaén\AppData\Local\Microsoft\WindowsApps;C:\MinGW\bin;C:\Users\Ing. David Jaén\AppData\Local\Programs\Microsoft VS Code\bin;C:\msys64\ucrt64\bin;C:\adb;C:\Program Files\Git\cmd;C:\Users\Ing. David Jaén\AppData\Local\Microsoft\WindowsApps;C:\MinGW\bin;C:\Users\Ing. David Jaén\AppData\Local\Programs\Microsoft VS Code\bin;C:\msys64\ucrt64\bin;
USERNAME=Ing. David Jaén
OS=Windows_NT
PROCESSOR_IDENTIFIER=Intel64 Family 6 Model 142 Stepping 10, GenuineIntel
TMP=C:\Users\ING~1.DAV\AppData\Local\Temp
TEMP=C:\Users\ING~1.DAV\AppData\Local\Temp




Periodic native trim disabled

---------------  S Y S T E M  ---------------

OS:
 Windows 10 , 64 bit Build 19041 (10.0.19041.5794)
OS uptime: 0 days 3:06 hours

CPU: total 8 (initial active 8) (4 cores per cpu, 2 threads per core) family 6 model 142 stepping 10 microcode 0xb4, cx8, cmov, fxsr, ht, mmx, 3dnowpref, sse, sse2, sse3, ssse3, sse4.1, sse4.2, popcnt, lzcnt, tsc, tscinvbit, avx, avx2, aes, erms, clmul, bmi1, bmi2, adx, fma, vzeroupper, clflush, clflushopt, rdtscp, f16c
Processor Information for the first 8 processors :
  Max Mhz: 1800, Current Mhz: 1600, Mhz Limit: 1584

Memory: 4k page, system-wide physical 8042M (993M free)
TotalPageFile size 12175M (AvailPageFile size 5M)
current process WorkingSet (physical memory assigned to process): 11M, peak: 11M
current process commit charge ("private bytes"): 187M, peak: 188M

vm_info: Java HotSpot(TM) 64-Bit Server VM (24.0.2+12-54) for windows-amd64 JRE (24.0.2+12-54), built on 2025-07-08T12:10:27Z with MS VC++ 17.6 (VS2022)

END.
